<?xml version="1.0" encoding="UTF-8"?>
<testng-results ignored="0" total="1" passed="1" failed="0" skipped="0">
  <reporter-output>
  </reporter-output>
  <suite started-at="2023-08-28T11:25:51 IST" name="Default suite" finished-at="2023-08-28T11:26:31 IST" duration-ms="39707">
    <groups>
    </groups>
    <test started-at="2023-08-28T11:25:51 IST" name="Default test" finished-at="2023-08-28T11:26:31 IST" duration-ms="39707">
      <class name="Automation.prac">
        <test-method is-config="true" signature="tt()[pri:0, instance:Automation.prac@625732]" started-at="2023-08-28T11:25:51 IST" name="tt" finished-at="2023-08-28T11:26:15 IST" duration-ms="23231" status="PASS">
          <reporter-output>
          </reporter-output>
        </test-method> <!-- tt -->
        <test-method signature="tr()[pri:0, instance:Automation.prac@625732]" started-at="2023-08-28T11:26:15 IST" name="tr" finished-at="2023-08-28T11:26:31 IST" duration-ms="15865" status="PASS">
          <reporter-output>
          </reporter-output>
        </test-method> <!-- tr -->
      </class> <!-- Automation.prac -->
    </test> <!-- Default test -->
  </suite> <!-- Default suite -->
</testng-results>
